<?xml version="1.0" encoding="UTF-8"?>
<!-- Generated by org.testng.reporters.JUnitReportReporter -->
<testsuite hostname="DESKTOP-KP3S8TT" name="primusbank.tests.AdminloginTest" tests="1" failures="0" timestamp="20 May 2021 07:20:37 GMT" time="0.866" errors="0">
  <testcase name="checkAdminlogin" time="0.866" classname="primusbank.tests.AdminloginTest"/>
</testsuite> <!-- primusbank.tests.AdminloginTest -->
