<?xml version="1.0" encoding="UTF-8"?>
<!-- Generated by org.testng.reporters.JUnitReportReporter -->
<testsuite hostname="DESKTOP-KP3S8TT" name="primusbank.tests.Bankerlogintest" tests="1" failures="0" timestamp="20 May 2021 07:20:37 GMT" time="0.896" errors="0">
  <testcase name="checkBankerlogin" time="0.896" classname="primusbank.tests.Bankerlogintest"/>
</testsuite> <!-- primusbank.tests.Bankerlogintest -->
